[debug] [2025-09-15T16:05:32.091Z] ----------------------------------------------------------------------
[debug] [2025-09-15T16:05:32.093Z] Command:       C:\Program Files\nodejs\node.exe C:\Users\nikhi\AppData\Roaming\npm\node_modules\firebase-tools\lib\bin\firebase.js emulators:start
[debug] [2025-09-15T16:05:32.093Z] CLI Version:   14.16.0
[debug] [2025-09-15T16:05:32.094Z] Platform:      win32
[debug] [2025-09-15T16:05:32.094Z] Node Version:  v22.13.1
[debug] [2025-09-15T16:05:32.094Z] Time:          Mon Sep 15 2025 18:05:32 GMT+0200 (South Africa Standard Time)
[debug] [2025-09-15T16:05:32.094Z] ----------------------------------------------------------------------
[debug] 
[debug] [2025-09-15T16:05:32.278Z] > command requires scopes: ["email","openid","https://www.googleapis.com/auth/cloudplatformprojects.readonly","https://www.googleapis.com/auth/firebase","https://www.googleapis.com/auth/cloud-platform"]
[debug] [2025-09-15T16:05:32.279Z] > authorizing via signed-in user (nikhiel.maharaj05@gmail.com)
[info] i  emulators: Starting emulators: functions, hosting, extensions {"metadata":{"emulator":{"name":"hub"},"message":"Starting emulators: functions, hosting, extensions"}}
[debug] [2025-09-15T16:05:32.283Z] Checked if tokens are valid: true, expires at: 1757955236988
[debug] [2025-09-15T16:05:32.283Z] Checked if tokens are valid: true, expires at: 1757955236988
[debug] [2025-09-15T16:05:32.284Z] >>> [apiv2][query] GET https://cloudresourcemanager.googleapis.com/v1/projects/zaio-clone-7e062 [none]
[debug] [2025-09-15T16:05:34.298Z] <<< [apiv2][status] GET https://cloudresourcemanager.googleapis.com/v1/projects/zaio-clone-7e062 200
[debug] [2025-09-15T16:05:34.298Z] <<< [apiv2][body] GET https://cloudresourcemanager.googleapis.com/v1/projects/zaio-clone-7e062 {"projectNumber":"223735160646","projectId":"zaio-clone-7e062","lifecycleState":"ACTIVE","name":"zaio-amazonclone","labels":{"firebase":"enabled"},"createTime":"2024-11-28T13:28:40.114635Z"}
[debug] [2025-09-15T16:05:34.306Z] [logging] Logging Emulator only supports listening on one address (127.0.0.1). Not listening on ::1
[debug] [2025-09-15T16:05:34.307Z] [hosting] Hosting Emulator only supports listening on one address (127.0.0.1). Not listening on ::1
[debug] [2025-09-15T16:05:34.307Z] assigned listening specs for emulators {"user":{"hub":[{"address":"127.0.0.1","family":"IPv4","port":4400},{"address":"::1","family":"IPv6","port":4400}],"ui":[{"address":"127.0.0.1","family":"IPv4","port":4000},{"address":"::1","family":"IPv6","port":4000}],"logging":[{"address":"127.0.0.1","family":"IPv4","port":4500}],"hosting":[{"address":"127.0.0.1","family":"IPv4","port":5000}]},"metadata":{"message":"assigned listening specs for emulators"}}
[debug] [2025-09-15T16:05:34.310Z] Emulator locator file path: C:\Users\nikhi\AppData\Local\Temp\hub-zaio-clone-7e062.json
[debug] [2025-09-15T16:05:34.310Z] [hub] writing locator at C:\Users\nikhi\AppData\Local\Temp\hub-zaio-clone-7e062.json
[debug] [2025-09-15T16:05:34.315Z] [Extensions] Started Extensions emulator, this is a noop.
[debug] [2025-09-15T16:05:34.320Z] [functions] Functions Emulator only supports listening on one address (127.0.0.1). Not listening on ::1
[debug] [2025-09-15T16:05:34.320Z] [eventarc] Eventarc Emulator only supports listening on one address (127.0.0.1). Not listening on ::1
[debug] [2025-09-15T16:05:34.321Z] [tasks] Cloud Tasks Emulator only supports listening on one address (127.0.0.1). Not listening on ::1
[debug] [2025-09-15T16:05:34.321Z] late-assigned ports for functions and eventarc emulators {"user":{"hub":[{"address":"127.0.0.1","family":"IPv4","port":4400},{"address":"::1","family":"IPv6","port":4400}],"ui":[{"address":"127.0.0.1","family":"IPv4","port":4000},{"address":"::1","family":"IPv6","port":4000}],"logging":[{"address":"127.0.0.1","family":"IPv4","port":4500}],"hosting":[{"address":"127.0.0.1","family":"IPv4","port":5000}],"functions":[{"address":"127.0.0.1","family":"IPv4","port":5001}],"eventarc":[{"address":"127.0.0.1","family":"IPv4","port":9299}],"tasks":[{"address":"127.0.0.1","family":"IPv4","port":9499}]},"metadata":{"message":"late-assigned ports for functions and eventarc emulators"}}
[warn] !  functions: The following emulators are not running, calls to these services from the Functions emulator will affect production: apphosting, auth, firestore, database, pubsub, storage, dataconnect {"metadata":{"emulator":{"name":"functions"},"message":"The following emulators are not running, calls to these services from the Functions emulator will affect production: \u001b[1mapphosting, auth, firestore, database, pubsub, storage, dataconnect\u001b[22m"}}
[debug] [2025-09-15T16:05:34.338Z] defaultcredentials: writing to file C:\Users\nikhi\AppData\Roaming\firebase\nikhiel_maharaj05_gmail.com_application_default_credentials.json
[debug] [2025-09-15T16:05:34.339Z] Setting GAC to C:\Users\nikhi\AppData\Roaming\firebase\nikhiel_maharaj05_gmail.com_application_default_credentials.json {"metadata":{"emulator":{"name":"functions"},"message":"Setting GAC to C:\\Users\\nikhi\\AppData\\Roaming\\firebase\\nikhiel_maharaj05_gmail.com_application_default_credentials.json"}}
[debug] [2025-09-15T16:05:34.339Z] Checked if tokens are valid: true, expires at: 1757955236988
[debug] [2025-09-15T16:05:34.339Z] Checked if tokens are valid: true, expires at: 1757955236988
[debug] [2025-09-15T16:05:34.339Z] >>> [apiv2][query] GET https://firebase.googleapis.com/v1beta1/projects/zaio-clone-7e062/adminSdkConfig [none]
[debug] [2025-09-15T16:05:35.022Z] <<< [apiv2][status] GET https://firebase.googleapis.com/v1beta1/projects/zaio-clone-7e062/adminSdkConfig 200
[debug] [2025-09-15T16:05:35.023Z] <<< [apiv2][body] GET https://firebase.googleapis.com/v1beta1/projects/zaio-clone-7e062/adminSdkConfig {"projectId":"zaio-clone-7e062","storageBucket":"zaio-clone-7e062.firebasestorage.app"}
[debug] [2025-09-15T16:05:35.040Z] Checked if tokens are valid: true, expires at: 1757955236988
[debug] [2025-09-15T16:05:35.040Z] Checked if tokens are valid: true, expires at: 1757955236988
[debug] [2025-09-15T16:05:35.040Z] >>> [apiv2][query] GET https://firebasehosting.googleapis.com/v1beta1/projects/zaio-clone-7e062/sites 
[debug] [2025-09-15T16:05:37.082Z] <<< [apiv2][status] GET https://firebasehosting.googleapis.com/v1beta1/projects/zaio-clone-7e062/sites 200
[debug] [2025-09-15T16:05:37.082Z] <<< [apiv2][body] GET https://firebasehosting.googleapis.com/v1beta1/projects/zaio-clone-7e062/sites {"sites":[{"name":"projects/zaio-clone-7e062/sites/zaio-clone-7e062","defaultUrl":"https://zaio-clone-7e062.web.app","type":"DEFAULT_SITE"}]}
[debug] [2025-09-15T16:05:37.082Z] Checked if tokens are valid: true, expires at: 1757955236988
[debug] [2025-09-15T16:05:37.083Z] Checked if tokens are valid: true, expires at: 1757955236988
[debug] [2025-09-15T16:05:37.083Z] >>> [apiv2][query] GET https://firebase.googleapis.com/v1beta1/projects/zaio-clone-7e062/webApps/-/config [none]
[debug] [2025-09-15T16:05:37.959Z] <<< [apiv2][status] GET https://firebase.googleapis.com/v1beta1/projects/zaio-clone-7e062/webApps/-/config 200
[debug] [2025-09-15T16:05:37.960Z] <<< [apiv2][body] GET https://firebase.googleapis.com/v1beta1/projects/zaio-clone-7e062/webApps/-/config {"projectId":"zaio-clone-7e062","appId":"1:223735160646:web:a65038adaa4b5195dfcf47","storageBucket":"zaio-clone-7e062.firebasestorage.app","apiKey":"AIzaSyDtQK8oOn3kjNXk0SJfQ6JN8fDsIjRTEss","authDomain":"zaio-clone-7e062.firebaseapp.com","messagingSenderId":"223735160646"}
[debug] [2025-09-15T16:05:37.969Z] Checked if tokens are valid: true, expires at: 1757955236988
[debug] [2025-09-15T16:05:37.969Z] Checked if tokens are valid: true, expires at: 1757955236988
[debug] [2025-09-15T16:05:37.969Z] >>> [apiv2][query] GET https://firebase.googleapis.com/v1beta1/projects/zaio-clone-7e062 [none]
[debug] [2025-09-15T16:05:38.357Z] <<< [apiv2][status] GET https://firebase.googleapis.com/v1beta1/projects/zaio-clone-7e062 200
[debug] [2025-09-15T16:05:38.357Z] <<< [apiv2][body] GET https://firebase.googleapis.com/v1beta1/projects/zaio-clone-7e062 {"projectId":"zaio-clone-7e062","projectNumber":"223735160646","displayName":"zaio-amazonclone","name":"projects/zaio-clone-7e062","resources":{"hostingSite":"zaio-clone-7e062"},"state":"ACTIVE","etag":"1_d426dc1b-3611-4200-a97d-1b81be9e2a4a"}
[debug] [2025-09-15T16:05:38.358Z] Specified "public" directory "build" does not exist; Deploy to Hosting site "zaio-clone-7e062" may fail or be empty.
[info] i  hosting[zaio-clone-7e062]: Serving hosting files from: build {"metadata":{"emulator":{"name":"hosting"},"message":"Serving hosting files from: \u001b[1mbuild\u001b[22m"}}
[info] +  hosting[zaio-clone-7e062]: Local server: http://127.0.0.1:5000 {"metadata":{"emulator":{"name":"hosting"},"message":"Local server: \u001b[4m\u001b[1mhttp://127.0.0.1:5000\u001b[22m\u001b[24m"}}
[debug] [2025-09-15T16:05:38.374Z] [Extensions] Connecting Extensions emulator, this is a noop.
[info] i  functions: Watching "C:\Users\nikhi\Desktop\projects\React-amazon-clone\functions" for Cloud Functions... {"metadata":{"emulator":{"name":"functions"},"message":"Watching \"C:\\Users\\nikhi\\Desktop\\projects\\React-amazon-clone\\functions\" for Cloud Functions..."}}
[debug] [2025-09-15T16:05:38.382Z] Validating nodejs source
[warn] !  functions: package.json indicates an outdated version of firebase-functions. Please upgrade using npm install --save firebase-functions@latest in your functions directory. 
[debug] [2025-09-15T16:05:39.216Z] > [functions] package.json contents: {
  "name": "functions",
  "description": "Cloud Functions for Firebase",
  "scripts": {
    "lint": "eslint .",
    "serve": "firebase emulators:start --only functions",
    "shell": "firebase functions:shell",
    "start": "npm run shell",
    "deploy": "firebase deploy --only functions",
    "logs": "firebase functions:log"
  },
  "engines": {
    "node": "18"
  },
  "main": "index.js",
  "dependencies": {
    "express": "^5.1.0",
    "firebase-admin": "^12.6.0",
    "firebase-functions": "^6.0.1"
  },
  "devDependencies": {
    "eslint": "^8.15.0",
    "eslint-config-google": "^0.14.0",
    "firebase-functions-test": "^3.1.0"
  },
  "private": true
}
[debug] [2025-09-15T16:05:39.217Z] Building nodejs source
[debug] [2025-09-15T16:05:39.217Z] Failed to find version of module node: reached end of search path C:\Users\nikhi\Desktop\projects\React-amazon-clone\functions\node_modules
[warn] !  functions: Your requested "node" version "18" doesn't match your global version "22". Using node@22 from host. 
[debug] [2025-09-15T16:05:39.219Z] Could not find functions.yaml. Must use http discovery
[debug] [2025-09-15T16:05:39.226Z] Found firebase-functions binary at 'C:\Users\nikhi\Desktop\projects\React-amazon-clone\functions\node_modules\.bin\firebase-functions'
[info] Serving at port 8560

[error] Error: Cannot find module 'stripe'
Require stack:
- C:\Users\nikhi\Desktop\projects\React-amazon-clone\functions\index.js
- C:\Users\nikhi\Desktop\projects\React-amazon-clone\functions\node_modules\firebase-functions\lib\runtime\loader.js
- C:\Users\nikhi\Desktop\projects\React-amazon-clone\functions\node_modules\firebase-functions\lib\bin\firebase-functions.js
    at Function._resolveFilename (node:internal/modules/cjs/loader:1244:15)
    at Function._load (node:internal/modules/cjs/loader:1070:27)
    at TracingChannel.traceSync (node:diagnostics_channel:322:14)
    at wrapModuleLoad (node:internal/modules/cjs/loader:217:24)
    at Module.require (node:internal/modules/cjs/loader:1335:12)
    at require (node:internal/modules/helpers:136:16)
    at Object.<anonymous> (C:\Users\nikhi\Desktop\projects\React-amazon-clone\functions\index.js:16:16)
    at Module._compile (node:internal/modules/cjs/loader:1562:14)
    at Object..js (node:internal/modules/cjs/loader:1699:10)
    at Module.load (node:internal/modules/cjs/loader:1313:32) {
  code: 'MODULE_NOT_FOUND',
  requireStack: [
    'C:\\Users\\nikhi\\Desktop\\projects\\React-amazon-clone\\functions\\index.js',
    'C:\\Users\\nikhi\\Desktop\\projects\\React-amazon-clone\\functions\\node_modules\\firebase-functions\\lib\\runtime\\loader.js',
    'C:\\Users\\nikhi\\Desktop\\projects\\React-amazon-clone\\functions\\node_modules\\firebase-functions\\lib\\bin\\firebase-functions.js'
  ]
}

[debug] [2025-09-15T16:05:39.794Z] Got response code 400; body Failed to generate manifest from function source: Error: Cannot find module 'stripe'
Require stack:
- C:\Users\nikhi\Desktop\projects\React-amazon-clone\functions\index.js
- C:\Users\nikhi\Desktop\projects\React-amazon-clone\functions\node_modules\firebase-functions\lib\runtime\loader.js
- C:\Users\nikhi\Desktop\projects\React-amazon-clone\functions\node_modules\firebase-functions\lib\bin\firebase-functions.js
[error] !!  functions: Failed to load function definition from source: FirebaseError: Functions codebase could not be analyzed successfully. It may have a syntax or runtime error {"metadata":{"emulator":{"name":"functions"},"message":"Failed to load function definition from source: FirebaseError: Functions codebase could not be analyzed successfully. It may have a syntax or runtime error"}}
[debug] [2025-09-15T16:05:43.824Z] Could not find VSCode notification endpoint: FetchError: request to http://localhost:40001/vscode/notify failed, reason: . If you are not running the Firebase Data Connect VSCode extension, this is expected and not an issue.
[info] 
┌─────────────────────────────────────────────────────────────┐
│ ✔  All emulators ready! It is now safe to connect your app. │
│ i  View Emulator UI at http://127.0.0.1:4000/               │
└─────────────────────────────────────────────────────────────┘

┌────────────┬────────────────┬──────────────────────────────────┐
│ Emulator   │ Host:Port      │ View in Emulator UI              │
├────────────┼────────────────┼──────────────────────────────────┤
│ Functions  │ 127.0.0.1:5001 │ http://127.0.0.1:4000/functions  │
├────────────┼────────────────┼──────────────────────────────────┤
│ Hosting    │ 127.0.0.1:5000 │ n/a                              │
├────────────┼────────────────┼──────────────────────────────────┤
│ Extensions │ 127.0.0.1:5001 │ http://127.0.0.1:4000/extensions │
└────────────┴────────────────┴──────────────────────────────────┘
  Emulator Hub host: 127.0.0.1 port: 4400
  Other reserved ports: 4500
┌─────────────────────────┬───────────────┬─────────────────────┐
│ Extension Instance Name │ Extension Ref │ View in Emulator UI │
└─────────────────────────┴───────────────┴─────────────────────┘
Issues? Report them at https://github.com/firebase/firebase-tools/issues and attach the *-debug.log files.
 
[debug] [2025-09-15T16:26:49.514Z] [work-queue] {"queuedWork":["/zaio-clone-7e062/us-central1/api/payments/create-2025-09-15T16:26:49.513Z"],"queueLength":1,"runningWork":[],"workRunningCount":0}
[debug] [2025-09-15T16:26:49.515Z] [work-queue] {"queuedWork":[],"queueLength":0,"runningWork":["/zaio-clone-7e062/us-central1/api/payments/create-2025-09-15T16:26:49.513Z"],"workRunningCount":1}
[debug] [2025-09-15T16:26:49.518Z] [work-queue] {"queuedWork":[],"queueLength":0,"runningWork":[],"workRunningCount":0}
[debug] [2025-09-15T16:50:27.141Z] [work-queue] {"queuedWork":["/zaio-clone-7e062/us-central1/api/payments/create-2025-09-15T16:50:27.141Z"],"queueLength":1,"runningWork":[],"workRunningCount":0}
[debug] [2025-09-15T16:50:27.142Z] [work-queue] {"queuedWork":[],"queueLength":0,"runningWork":["/zaio-clone-7e062/us-central1/api/payments/create-2025-09-15T16:50:27.141Z"],"workRunningCount":1}
[debug] [2025-09-15T16:50:27.142Z] [work-queue] {"queuedWork":[],"queueLength":0,"runningWork":[],"workRunningCount":0}
[debug] [2025-09-15T16:51:02.949Z] File C:\Users\nikhi\Desktop\projects\React-amazon-clone\functions\index.js changed, reloading triggers {"metadata":{"emulator":{"name":"functions"},"message":"File C:\\Users\\nikhi\\Desktop\\projects\\React-amazon-clone\\functions\\index.js changed, reloading triggers"}}
[debug] [2025-09-15T16:51:03.965Z] Validating nodejs source
[warn] !  functions: package.json indicates an outdated version of firebase-functions. Please upgrade using npm install --save firebase-functions@latest in your functions directory. 
[debug] [2025-09-15T16:51:04.858Z] > [functions] package.json contents: {
  "name": "functions",
  "description": "Cloud Functions for Firebase",
  "scripts": {
    "lint": "eslint .",
    "serve": "firebase emulators:start --only functions",
    "shell": "firebase functions:shell",
    "start": "npm run shell",
    "deploy": "firebase deploy --only functions",
    "logs": "firebase functions:log"
  },
  "engines": {
    "node": "18"
  },
  "main": "index.js",
  "dependencies": {
    "express": "^5.1.0",
    "firebase-admin": "^12.6.0",
    "firebase-functions": "^6.0.1"
  },
  "devDependencies": {
    "eslint": "^8.15.0",
    "eslint-config-google": "^0.14.0",
    "firebase-functions-test": "^3.1.0"
  },
  "private": true
}
[debug] [2025-09-15T16:51:04.858Z] Building nodejs source
[debug] [2025-09-15T16:51:04.858Z] Failed to find version of module node: reached end of search path C:\Users\nikhi\Desktop\projects\React-amazon-clone\functions\node_modules
[warn] !  functions: Your requested "node" version "18" doesn't match your global version "22". Using node@22 from host. 
[debug] [2025-09-15T16:51:04.860Z] Could not find functions.yaml. Must use http discovery
[debug] [2025-09-15T16:51:04.865Z] Found firebase-functions binary at 'C:\Users\nikhi\Desktop\projects\React-amazon-clone\functions\node_modules\.bin\firebase-functions'
[info] Serving at port 8281

[error] Error: Cannot find module 'stripe'
Require stack:
- C:\Users\nikhi\Desktop\projects\React-amazon-clone\functions\index.js
- C:\Users\nikhi\Desktop\projects\React-amazon-clone\functions\node_modules\firebase-functions\lib\runtime\loader.js
- C:\Users\nikhi\Desktop\projects\React-amazon-clone\functions\node_modules\firebase-functions\lib\bin\firebase-functions.js
    at Function._resolveFilename (node:internal/modules/cjs/loader:1244:15)
    at Function._load (node:internal/modules/cjs/loader:1070:27)
    at TracingChannel.traceSync (node:diagnostics_channel:322:14)
    at wrapModuleLoad (node:internal/modules/cjs/loader:217:24)
    at Module.require (node:internal/modules/cjs/loader:1335:12)
    at require (node:internal/modules/helpers:136:16)
    at Object.<anonymous> (C:\Users\nikhi\Desktop\projects\React-amazon-clone\functions\index.js:16:16)
    at Module._compile (node:internal/modules/cjs/loader:1562:14)
    at Object..js (node:internal/modules/cjs/loader:1699:10)
    at Module.load (node:internal/modules/cjs/loader:1313:32) {
  code: 'MODULE_NOT_FOUND',
  requireStack: [
    'C:\\Users\\nikhi\\Desktop\\projects\\React-amazon-clone\\functions\\index.js',
    'C:\\Users\\nikhi\\Desktop\\projects\\React-amazon-clone\\functions\\node_modules\\firebase-functions\\lib\\runtime\\loader.js',
    'C:\\Users\\nikhi\\Desktop\\projects\\React-amazon-clone\\functions\\node_modules\\firebase-functions\\lib\\bin\\firebase-functions.js'
  ]
}

[debug] [2025-09-15T16:51:05.417Z] Got response code 400; body Failed to generate manifest from function source: Error: Cannot find module 'stripe'
Require stack:
- C:\Users\nikhi\Desktop\projects\React-amazon-clone\functions\index.js
- C:\Users\nikhi\Desktop\projects\React-amazon-clone\functions\node_modules\firebase-functions\lib\runtime\loader.js
- C:\Users\nikhi\Desktop\projects\React-amazon-clone\functions\node_modules\firebase-functions\lib\bin\firebase-functions.js
[error] !!  functions: Failed to load function definition from source: FirebaseError: Functions codebase could not be analyzed successfully. It may have a syntax or runtime error {"metadata":{"emulator":{"name":"functions"},"message":"Failed to load function definition from source: FirebaseError: Functions codebase could not be analyzed successfully. It may have a syntax or runtime error"}}
[debug] [2025-09-15T16:51:31.913Z] [work-queue] {"queuedWork":["/zaio-clone-7e062/us-central1/api/payments/create-2025-09-15T16:51:31.913Z"],"queueLength":1,"runningWork":[],"workRunningCount":0}
[debug] [2025-09-15T16:51:31.913Z] [work-queue] {"queuedWork":[],"queueLength":0,"runningWork":["/zaio-clone-7e062/us-central1/api/payments/create-2025-09-15T16:51:31.913Z"],"workRunningCount":1}
[debug] [2025-09-15T16:51:31.913Z] [work-queue] {"queuedWork":[],"queueLength":0,"runningWork":[],"workRunningCount":0}
